<?xml version="1.0" encoding="UTF-8"?>
<!-- Generated by org.testng.reporters.JUnitReportReporter -->
<testsuite hostname="MohammadY" failures="0" tests="2" name="com.Todo.QaCart.TestCases.ManageTaskTest" time="19.961" errors="0" timestamp="2024-07-30T20:32:27 GST" skipped="0">
  <testcase classname="com.Todo.QaCart.TestCases.ManageTaskTest" name="AddTask" time="15.705"/>
  <testcase classname="com.Todo.QaCart.TestCases.ManageTaskTest" name="DeleteTask" time="4.256"/>
</testsuite> <!-- com.Todo.QaCart.TestCases.ManageTaskTest -->
