<?xml version="1.0" encoding="UTF-8"?>
<!-- Generated by org.testng.reporters.JUnitReportReporter -->
<testsuite hostname="MohammadY" failures="0" tests="1" name="com.Todo.QaCart.TestCases.loginTest" time="15.945" errors="0" timestamp="2024-07-30T20:32:27 GST" skipped="0">
  <testcase classname="com.Todo.QaCart.TestCases.loginTest" name="logintest" time="15.945"/>
</testsuite> <!-- com.Todo.QaCart.TestCases.loginTest -->
